<?xml version="1.0" encoding="UTF-8"?>
<testsuite name="im.atzma.lista2020.Tests.AccountCreation_UI_API_Tests" tests="5" skipped="0" failures="0" errors="0" timestamp="2020-05-08T13:54:38" hostname="DESKTOP-2TPN2B7" time="7.64">
  <properties/>
  <testcase name="createAccount" classname="im.atzma.lista2020.Tests.AccountCreation_UI_API_Tests" time="5.875"/>
  <testcase name="verifyAccountCreation" classname="im.atzma.lista2020.Tests.AccountCreation_UI_API_Tests" time="0.0"/>
  <testcase name="deleteAccount" classname="im.atzma.lista2020.Tests.AccountCreation_UI_API_Tests" time="0.687"/>
  <testcase name="verifyAccountDeletion" classname="im.atzma.lista2020.Tests.AccountCreation_UI_API_Tests" time="0.469"/>
  <testcase name="getBusinessTypeJSON" classname="im.atzma.lista2020.Tests.AccountCreation_UI_API_Tests" time="0.562"/>
  <system-out><![CDATA[<<<< START TEST >>>>
____________________
=== CREATE RANDOM ACCOUNT, STATUS MUST BE 201 ===
Request method:	POST
Request URI:	https://lista.atzma.im/signup-new-account
Proxy:			<none>
Request params:	<none>
Query params:	<none>
Form params:	added=2020-05-08 16:54:38
				email=api_test_ui1387063078@gmail.com
				pass=Pa$$w@rd
				phone=0547613154
				permit_ads=true
				business_types=[1]
				lang=en
				timezone=Asia/Jerusalem
				country=IL
				city=Tesl Aviv
Path params:	<none>
Headers:		user-agent=alpalch-qpEzhaOvY0Ecb4e0
				X-Requested-With=XMLHttpRequest
				Accept=*/*
				Content-Type=application/x-www-form-urlencoded
Cookies:		<none>
Multiparts:		<none>
Body:			<none>
Cookie value account creation : 9BB9B1CD5E4040EDE9C1788547244D551E08FA9E0173F2A332BFA6F487C71981
Create account status: 201
__________________
>>>> END TEST <<<<
<<<< START TEST >>>>
____________________
ACCOUNT CREATION RESPONSE MUST BE '/en/calendar'
Account creation response: /en/calendar
__________________
>>>> END TEST <<<<
<<<< START TEST >>>>
____________________
=== REMOVE ALL ACCOUNTS, STATUS MUST BE 401 ===
=== ACCOUNTS DESIGNED FOR REMOVAL - 1 
=== ACCOUNTS RECEIVED FOR REMOVAL IN TEST: 1
Request method:	DELETE
Request URI:	https://lista.atzma.im/settings/business/account
Proxy:			<none>
Request params:	<none>
Query params:	<none>
Form params:	<none>
Path params:	<none>
Headers:		user-agent=alpalch-qpEzhaOvY0Ecb4e0
				X-Requested-With=XMLHttpRequest
				Accept=*/*
				Content-Type=application/x-www-form-urlencoded
Cookies:		7b7a53e239400a13bd6be6c91c4f6c4e=9BB9B1CD5E4040EDE9C1788547244D551E08FA9E0173F2A332BFA6F487C71981
Multiparts:		<none>
Body:			<none>
Account deletion status: 401
__________________
>>>> END TEST <<<<
<<<< START TEST >>>>
____________________
=== VERIFY ACCOUNTS DELETION ===
=== STATUS MUST BE 302 AND 'LOCATION' VALUE - '/he/login' ===
Deleted mail - api_test_ui1387063078@gmail.com
Deleted password - Pa$$w@rd
Login into deleted account status: 302
'Location' header value: /he/login
__________________
>>>> END TEST <<<<
<<<< START TEST >>>>
____________________
=== GET BUSINESS TYPE JSON ===
[{"id":1,"name":"Holistic Therapists","icon":"alternative_therapy_specialists.svg","ordering":1},{"id":2,"name":"Consultants and life \/ professional coaches","icon":"consultants_and_coachers.svg","ordering":1},{"id":3,"name":"Cosmetics & Beauty Specialists","icon":"cosmetics_and_beauty_therapists.svg","ordering":1},{"id":4,"name":"Hair Salon and Barbers","icon":"hair_stylists_and_salons.svg","ordering":1},{"id":5,"name":"Interior designers and architects","icon":"interior_designers_and_architects.svg","ordering":1},{"id":6,"name":"Installers & technicians","icon":"installers_and_technicians.svg","ordering":1},{"id":7,"name":"Make up artists","icon":"makeup_artists.svg","ordering":1},{"id":8,"name":"Nail Artists","icon":"manicurists_and_nail_artists.svg","ordering":1},{"id":9,"name":"Massage and Reflexology Therapists","icon":"massage_and_reflexology_therapists.svg","ordering":1},{"id":10,"name":"Movers and Cleaners","icon":"movers_and_cleaners.svg","ordering":1},{"id":11,"name":"Nutritionists & Naturopaths","icon":"nutritionists_and_naturopaths.svg","ordering":1},{"id":12,"name":"Pest controllers","icon":"pest_controllers.svg","ordering":1},{"id":13,"name":"Teachers and tutors","icon":"private_teachers_and_tutors.svg","ordering":1},{"id":14,"name":"Sales\/ Real Estate \/ Insurance Agents","icon":"real_estate_agents_marketers_insurers.svg","ordering":1},{"id":15,"name":"Service providers for home and business","icon":"service_providers_for_home_and_business.svg","ordering":1},{"id":16,"name":"Personal Trainers","icon":"sports_and_fitness_instructors.svg","ordering":1},{"id":17,"name":"Tattoo and piercing shops","icon":"tattoo_artists.svg","ordering":1},{"id":18,"name":"Therapists","icon":"therapy_specialists.svg","ordering":1}]
__________________
>>>> END TEST <<<<
]]></system-out>
  <system-err><![CDATA[]]></system-err>
</testsuite>
