<?xml version="1.0" encoding="UTF-8"?>
<testsuite name="im.atzma.lista2020.tests.ClientCreationTests" tests="1" skipped="0" failures="0" errors="0" timestamp="2020-03-20T20:03:03" hostname="DESKTOP-2TPN2B7" time="0.559">
  <properties/>
  <testcase name="createClient" classname="im.atzma.lista2020.tests.ClientCreationTests" time="0.559"/>
  <system-out><![CDATA[create login cookie
login cookie : 7b7a53e239400a13bd6be6c91c4f6c4e Value : F2A31B640EB9438AA11E5EA631479B9C4AFB5E707C5FA3E58671D6167D6BEC4C
Key : 7b7a53e239400a13bd6be6c91c4f6c4e Value : F2A31B640EB9438AA11E5EA631479B9C4AFB5E707C5FA3E58671D6167D6BEC4C
api: appointment
url: /calendar?start=2019-03-17T00:00:00&end=2021-03-19T23:59:59&worker_id=1
method: get
== List items size for deletion: 0 ==
== Items for deletion:api: clients
url: /clients?limit=100000&offset=0
method: get
== List items size for deletion: 1 ==
== Items for deletion:== id for deletion: 627 ==
STATUS DELETE CODE: 204
== Number of deleted item: 0 ==
api: services
url: /catalog/services/
method: get
== List items size for deletion: 0 ==
== Items for deletion:Request method:	POST
Request URI:	https://lista.atzma.im/clients
Proxy:			<none>
Request params:	<none>
Query params:	<none>
Form params:	birthdate=06-26
				birthyear=1981
				added=2020-08-02 16:00:00
				address=Israel, Rokah 18, Ramat Gan
				phone=0547613154
				email=QA_Test-Before@gmail.com
				name=Test_changeClientsData_before
				gender=male
				status=status - before
Path params:	<none>
Headers:		user-agent=alpalch-qpEzhaOvY0Ecb4e0
				Accept=*/*
				Content-Type=application/x-www-form-urlencoded
Cookies:		7b7a53e239400a13bd6be6c91c4f6c4e=F2A31B640EB9438AA11E5EA631479B9C4AFB5E707C5FA3E58671D6167D6BEC4C
Multiparts:		<none>
Body:			<none>
STATUS POST CODE: 201
NEW CLIENT ID ====== 628
ID of created client: 628
]]></system-out>
  <system-err><![CDATA[]]></system-err>
</testsuite>
