<?xml version="1.0" encoding="UTF-8"?>
<testsuite name="im.atzma.lista2020.tests.ClientCreationTests" tests="1" skipped="0" failures="0" errors="0" timestamp="2020-04-22T00:30:32" hostname="DESKTOP-2TPN2B7" time="0.572">
  <properties/>
  <testcase name="createClient" classname="im.atzma.lista2020.tests.ClientCreationTests" time="0.572"/>
  <system-out><![CDATA[Request method:	POST
Request URI:	https://lista.atzma.im/clients
Proxy:			<none>
Request params:	<none>
Query params:	<none>
Form params:	birthdate=06-26
				birthyear=1981
				added=2020-08-02 16:00:00
				address=Israel, Rokah 18, Ramat Gan
				phone=0547613154
				email=QA_Test-Before@gmail.com
				name=Test_changeClientsData_before
				gender=male
				status=status - before
Path params:	<none>
Headers:		user-agent=alpalch-qpEzhaOvY0Ecb4e0
				Accept=*/*
				Content-Type=application/x-www-form-urlencoded
Cookies:		7b7a53e239400a13bd6be6c91c4f6c4e=81150A2C245CDA2A190E7C98FC7DC9AE7BD3DAAC5022861E0BD0786F2B54DCEB
Multiparts:		<none>
Body:			<none>
STATUS POST CODE: 201
CLIENT ID ====== 1195
ID of created client: 1195
]]></system-out>
  <system-err><![CDATA[]]></system-err>
</testsuite>
