<?xml version="1.0" encoding="UTF-8"?>
<testsuite name="im.atzma.lista2020.tests.AppointmentCreationTests" tests="2" skipped="0" failures="0" errors="0" timestamp="2020-03-20T20:14:41" hostname="DESKTOP-2TPN2B7" time="24.717">
  <properties/>
  <testcase name="createAppointment" classname="im.atzma.lista2020.tests.AppointmentCreationTests" time="2.824"/>
  <testcase name="deleteAppointment" classname="im.atzma.lista2020.tests.AppointmentCreationTests" time="17.429"/>
  <system-out><![CDATA[create login cookie
login cookie : 7b7a53e239400a13bd6be6c91c4f6c4e Value : 18E702659FEA45AC048E91C14A9E3EABE4C3B3E67D91270D4F9AAD722A8DFC21
Key : 7b7a53e239400a13bd6be6c91c4f6c4e Value : 18E702659FEA45AC048E91C14A9E3EABE4C3B3E67D91270D4F9AAD722A8DFC21
api: appointment
url: /calendar?start=2019-03-17T00:00:00&end=2021-03-19T23:59:59&worker_id=1
method: get
== List items size for deletion: 0 ==
== Items for deletion:api: clients
url: /clients?limit=100000&offset=0
method: get
== List items size for deletion: 1 ==
== Items for deletion:== id for deletion: 630 ==
STATUS DELETE CODE: 204
== Number of deleted item: 0 ==
api: services
url: /catalog/services/
method: get
== List items size for deletion: 0 ==
== Items for deletion:NEW SERVICE ID ====== 1825
Request method:	POST
Request URI:	https://lista.atzma.im/clients
Proxy:			<none>
Request params:	<none>
Query params:	<none>
Form params:	birthdate=06-26
				birthyear=1981
				added=2020-08-02 16:00:00
				address=Israel, Rokah 18, Ramat Gan
				phone=0547613154
				email=QA_Test-Before@gmail.com
				name=Test_changeClientsData_before
				gender=male
				status=status - before
Path params:	<none>
Headers:		user-agent=alpalch-qpEzhaOvY0Ecb4e0
				Accept=*/*
				Content-Type=application/x-www-form-urlencoded
Cookies:		7b7a53e239400a13bd6be6c91c4f6c4e=18E702659FEA45AC048E91C14A9E3EABE4C3B3E67D91270D4F9AAD722A8DFC21
Multiparts:		<none>
Body:			<none>
STATUS POST CODE: 201
NEW CLIENT ID ====== 631
TIME: 2020-03-20
appointment id = 729
create login cookie
login cookie : 7b7a53e239400a13bd6be6c91c4f6c4e Value : 12A53C3863ED3F69BB167DACF616AA4C7D64B4AAA790E3764A6A022A8A73C26C
Key : 7b7a53e239400a13bd6be6c91c4f6c4e Value : 12A53C3863ED3F69BB167DACF616AA4C7D64B4AAA790E3764A6A022A8A73C26C
api: appointment
url: /calendar?start=2019-03-17T00:00:00&end=2021-03-19T23:59:59&worker_id=1
method: get
== List items size for deletion: 1 ==
== Items for deletion:== id for deletion: 729 ==
STATUS DELETE CODE: 204
== Number of deleted item: 0 ==
api: clients
url: /clients?limit=100000&offset=0
method: get
== List items size for deletion: 1 ==
== Items for deletion:== id for deletion: 631 ==
STATUS DELETE CODE: 204
== Number of deleted item: 0 ==
api: services
url: /catalog/services/
method: get
== List items size for deletion: 1 ==
== Items for deletion:== id for deletion: 1825 ==
STATUS DELETE CODE: 204
== Number of deleted item: 0 ==
NEW SERVICE ID ====== 1826
Request method:	POST
Request URI:	https://lista.atzma.im/clients
Proxy:			<none>
Request params:	<none>
Query params:	<none>
Form params:	birthdate=06-26
				birthyear=1981
				added=2020-08-02 16:00:00
				address=Israel, Rokah 18, Ramat Gan
				phone=0547613154
				email=QA_Test-Before@gmail.com
				name=Test_changeClientsData_before
				gender=male
				status=status - before
Path params:	<none>
Headers:		user-agent=alpalch-qpEzhaOvY0Ecb4e0
				Accept=*/*
				Content-Type=application/x-www-form-urlencoded
Cookies:		7b7a53e239400a13bd6be6c91c4f6c4e=12A53C3863ED3F69BB167DACF616AA4C7D64B4AAA790E3764A6A022A8A73C26C
Multiparts:		<none>
Body:			<none>
STATUS POST CODE: 201
NEW CLIENT ID ====== 632
TIME: 2020-03-20
TIME: 2020-03-20
TIME: 2020-03-20
TIME: 2020-03-20
TIME: 2020-03-20
TIME: 2020-03-20
TIME: 2020-03-20
TIME: 2020-03-20
TIME: 2020-03-20
TIME: 2020-03-20
create login cookie
login cookie : 7b7a53e239400a13bd6be6c91c4f6c4e Value : EE2EDDA68495D216D4155E3E2310ED9B9E1179D492D452415BC2D24BE89EBC05
Key : 7b7a53e239400a13bd6be6c91c4f6c4e Value : EE2EDDA68495D216D4155E3E2310ED9B9E1179D492D452415BC2D24BE89EBC05
api: appointment
url: /calendar?start=2019-03-17T00:00:00&end=2021-03-19T23:59:59&worker_id=1
method: get
== List items size for deletion: 10 ==
== Items for deletion:== id for deletion: 730 ==
STATUS DELETE CODE: 204
== Number of deleted item: 9 ==
== id for deletion: 731 ==
STATUS DELETE CODE: 204
== Number of deleted item: 8 ==
== id for deletion: 732 ==
STATUS DELETE CODE: 204
== Number of deleted item: 7 ==
== id for deletion: 733 ==
STATUS DELETE CODE: 204
== Number of deleted item: 6 ==
== id for deletion: 734 ==
STATUS DELETE CODE: 204
== Number of deleted item: 5 ==
== id for deletion: 735 ==
STATUS DELETE CODE: 204
== Number of deleted item: 4 ==
== id for deletion: 736 ==
STATUS DELETE CODE: 204
== Number of deleted item: 3 ==
== id for deletion: 737 ==
STATUS DELETE CODE: 204
== Number of deleted item: 2 ==
== id for deletion: 738 ==
STATUS DELETE CODE: 204
== Number of deleted item: 1 ==
== id for deletion: 739 ==
STATUS DELETE CODE: 204
== Number of deleted item: 0 ==
api: clients
url: /clients?limit=100000&offset=0
method: get
== List items size for deletion: 1 ==
== Items for deletion:== id for deletion: 632 ==
STATUS DELETE CODE: 204
== Number of deleted item: 0 ==
api: services
url: /catalog/services/
method: get
== List items size for deletion: 1 ==
== Items for deletion:== id for deletion: 1826 ==
STATUS DELETE CODE: 204
== Number of deleted item: 0 ==
appointment id:  = null
HTTP/1.1 200 OK
Server: nginx
Date: Fri, 20 Mar 2020 20:15:05 GMT
Content-Type: application/json; charset=utf-8
Content-Length: 2
Connection: keep-alive
Set-Cookie: 7b7a53e239400a13bd6be6c91c4f6c4e=EE2EDDA68495D216D4155E3E2310ED9B9E1179D492D452415BC2D24BE89EBC05; Path=/; Expires=Fri, 27 Mar 2020 20:15:05 GMT; HttpOnly
X-Request-Id: 7d015390-6ae7-11ea-a1aa-7b259b71e49f
Strict-Transport-Security: max-age=604800
X-Content-Type-Options: nosniff
Content-Security-Policy: upgrade-insecure-requests
X-Powered-By: php/4.3.10-16

[
    
]
service list:  = null
client list:  = null
]]></system-out>
  <system-err><![CDATA[]]></system-err>
</testsuite>
