<?xml version="1.0" encoding="UTF-8"?>
<testsuite name="lista2020.tests.AccountCreationTests" tests="17" skipped="0" failures="0" errors="0" timestamp="2020-04-22T00:38:00" hostname="DESKTOP-2TPN2B7" time="52.179">
  <properties/>
  <testcase name="getBusinessTypeJSON" classname="lista2020.tests.AccountCreationTests" time="2.387"/>
  <testcase name="createAccount[0](qa@gmail.com, 547613154, null, Asia/Jerusalem, IL, Tel Aviv)" classname="lista2020.tests.AccountCreationTests" time="4.699"/>
  <testcase name="createAccount[1](qaz@gmail.com, 1234, null, Austria/Vienna, AT, Vienna)" classname="lista2020.tests.AccountCreationTests" time="3.896"/>
  <testcase name="createAccount[2](qax@gmail.com, crudkh, null, Chile/Antofagasta, CL, Antofagasta)" classname="lista2020.tests.AccountCreationTests" time="2.957"/>
  <testcase name="createAccount[3](qac@gmail.com, crudkh, null, Belgium/Brussels, BE, Brussels)" classname="lista2020.tests.AccountCreationTests" time="2.719"/>
  <testcase name="createAccount[4](qav@gmail.com, crudkh, null, Canada/Alberta, CA, Edmonton)" classname="lista2020.tests.AccountCreationTests" time="2.547"/>
  <testcase name="createAccount[5](qab@gmail.com, crudkh, null, Europe/Prague, CZ, Prague)" classname="lista2020.tests.AccountCreationTests" time="2.641"/>
  <testcase name="createAccount[6](qan@gmail.com, crudkh, null, Europe/Berlin, DE, Berlin)" classname="lista2020.tests.AccountCreationTests" time="2.596"/>
  <testcase name="createAccount[7](qam@gmail.com, crudkh, null, Europe/Tallinn, EE, Tallinn)" classname="lista2020.tests.AccountCreationTests" time="2.51"/>
  <testcase name="createAccount[8](qal@gmail.com, crudkh, null, Europe/Oslo, NO, Oslo)" classname="lista2020.tests.AccountCreationTests" time="2.9"/>
  <testcase name="createAccount[9](qka@gmail.com, crudkh, null, Europe/Paris, FR, Paris)" classname="lista2020.tests.AccountCreationTests" time="2.544"/>
  <testcase name="createAccount[10](qaj@gmail.com, crudkh, null, Europe/Copenhagen, DK, Copenhagen)" classname="lista2020.tests.AccountCreationTests" time="2.642"/>
  <testcase name="createAccount[11](qha@gmail.com, crudkh, null, Europe/Budapest, HU, Budapest)" classname="lista2020.tests.AccountCreationTests" time="2.41"/>
  <testcase name="createAccount[12](qag@gmail.com, crudkh, null, Europe/Rome, IT, Rome)" classname="lista2020.tests.AccountCreationTests" time="2.662"/>
  <testcase name="createAccount[13](qaf@gmail.com, crudkh, null, Asia/Tokyo, JP, Tokyo)" classname="lista2020.tests.AccountCreationTests" time="2.343"/>
  <testcase name="createAccount[14](qda@gmail.com, crudkh, null, America/Mexico_City, MX, Mexico_City)" classname="lista2020.tests.AccountCreationTests" time="2.393"/>
  <testcase name="deleteAccount" classname="lista2020.tests.AccountCreationTests" time="6.09"/>
  <system-out><![CDATA[[{"id":1,"name":"Holistic Therapists","icon":"alternative_therapy_specialists.svg","ordering":1},{"id":2,"name":"Consultants and life \/ professional coaches","icon":"consultants_and_coachers.svg","ordering":1},{"id":3,"name":"Cosmetics & Beauty Specialists","icon":"cosmetics_and_beauty_therapists.svg","ordering":1},{"id":4,"name":"Hair Salon and Barbers","icon":"hair_stylists_and_salons.svg","ordering":1},{"id":5,"name":"Interior designers and architects","icon":"interior_designers_and_architects.svg","ordering":1},{"id":6,"name":"Installers & technicians","icon":"installers_and_technicians.svg","ordering":1},{"id":7,"name":"Make up artists","icon":"makeup_artists.svg","ordering":1},{"id":8,"name":"Nail Artists","icon":"manicurists_and_nail_artists.svg","ordering":1},{"id":9,"name":"Massage and Reflexology Therapists","icon":"massage_and_reflexology_therapists.svg","ordering":1},{"id":10,"name":"Movers and Cleaners","icon":"movers_and_cleaners.svg","ordering":1},{"id":11,"name":"Nutritionists & Naturopaths","icon":"nutritionists_and_naturopaths.svg","ordering":1},{"id":12,"name":"Pest controllers","icon":"pest_controllers.svg","ordering":1},{"id":13,"name":"Teachers and tutors","icon":"private_teachers_and_tutors.svg","ordering":1},{"id":14,"name":"Sales\/ Real Estate \/ Insurance Agents","icon":"real_estate_agents_marketers_insurers.svg","ordering":1},{"id":15,"name":"Service providers for home and business","icon":"service_providers_for_home_and_business.svg","ordering":1},{"id":16,"name":"Personal Trainers","icon":"sports_and_fitness_instructors.svg","ordering":1},{"id":17,"name":"Tattoo and piercing shops","icon":"tattoo_artists.svg","ordering":1},{"id":18,"name":"Therapists","icon":"therapy_specialists.svg","ordering":1}]
Request method:	POST
Request URI:	https://lista.atzma.im/signup-new-account
Proxy:			<none>
Request params:	<none>
Query params:	<none>
Form params:	added=2020-04-22 03:38:00
				email=qa@gmail.com
				pass=547613154
				phone=null
				permit_ads=true
				business_types=[1]
				lang=en
				timezone=Asia/Jerusalem
				country=IL
				city=Tel Aviv
Path params:	<none>
Headers:		user-agent=alpalch-qpEzhaOvY0Ecb4e0
				X-Requested-With=XMLHttpRequest
				Accept=*/*
				Content-Type=application/x-www-form-urlencoded
Cookies:		<none>
Multiparts:		<none>
Body:			<none>
Account creation response: /en/calendar
Create account code: 201
Request method:	POST
Request URI:	https://lista.atzma.im/signup-new-account
Proxy:			<none>
Request params:	<none>
Query params:	<none>
Form params:	added=2020-04-22 03:38:00
				email=qaz@gmail.com
				pass=1234
				phone=null
				permit_ads=true
				business_types=[1]
				lang=en
				timezone=Austria/Vienna
				country=AT
				city=Vienna
Path params:	<none>
Headers:		user-agent=alpalch-qpEzhaOvY0Ecb4e0
				X-Requested-With=XMLHttpRequest
				Accept=*/*
				Content-Type=application/x-www-form-urlencoded
Cookies:		<none>
Multiparts:		<none>
Body:			<none>
Account creation response: /en/calendar
Create account code: 201
Request method:	POST
Request URI:	https://lista.atzma.im/signup-new-account
Proxy:			<none>
Request params:	<none>
Query params:	<none>
Form params:	added=2020-04-22 03:38:00
				email=qax@gmail.com
				pass=crudkh
				phone=null
				permit_ads=true
				business_types=[1]
				lang=en
				timezone=Chile/Antofagasta
				country=CL
				city=Antofagasta
Path params:	<none>
Headers:		user-agent=alpalch-qpEzhaOvY0Ecb4e0
				X-Requested-With=XMLHttpRequest
				Accept=*/*
				Content-Type=application/x-www-form-urlencoded
Cookies:		<none>
Multiparts:		<none>
Body:			<none>
Account creation response: /en/calendar
Create account code: 201
Request method:	POST
Request URI:	https://lista.atzma.im/signup-new-account
Proxy:			<none>
Request params:	<none>
Query params:	<none>
Form params:	added=2020-04-22 03:38:00
				email=qac@gmail.com
				pass=crudkh
				phone=null
				permit_ads=true
				business_types=[1]
				lang=en
				timezone=Belgium/Brussels
				country=BE
				city=Brussels
Path params:	<none>
Headers:		user-agent=alpalch-qpEzhaOvY0Ecb4e0
				X-Requested-With=XMLHttpRequest
				Accept=*/*
				Content-Type=application/x-www-form-urlencoded
Cookies:		<none>
Multiparts:		<none>
Body:			<none>
Account creation response: /en/calendar
Create account code: 201
Request method:	POST
Request URI:	https://lista.atzma.im/signup-new-account
Proxy:			<none>
Request params:	<none>
Query params:	<none>
Form params:	added=2020-04-22 03:38:00
				email=qav@gmail.com
				pass=crudkh
				phone=null
				permit_ads=true
				business_types=[1]
				lang=en
				timezone=Canada/Alberta
				country=CA
				city=Edmonton
Path params:	<none>
Headers:		user-agent=alpalch-qpEzhaOvY0Ecb4e0
				X-Requested-With=XMLHttpRequest
				Accept=*/*
				Content-Type=application/x-www-form-urlencoded
Cookies:		<none>
Multiparts:		<none>
Body:			<none>
Account creation response: /en/calendar
Create account code: 201
Request method:	POST
Request URI:	https://lista.atzma.im/signup-new-account
Proxy:			<none>
Request params:	<none>
Query params:	<none>
Form params:	added=2020-04-22 03:38:00
				email=qab@gmail.com
				pass=crudkh
				phone=null
				permit_ads=true
				business_types=[1]
				lang=en
				timezone=Europe/Prague
				country=CZ
				city=Prague
Path params:	<none>
Headers:		user-agent=alpalch-qpEzhaOvY0Ecb4e0
				X-Requested-With=XMLHttpRequest
				Accept=*/*
				Content-Type=application/x-www-form-urlencoded
Cookies:		<none>
Multiparts:		<none>
Body:			<none>
Account creation response: /en/calendar
Create account code: 201
Request method:	POST
Request URI:	https://lista.atzma.im/signup-new-account
Proxy:			<none>
Request params:	<none>
Query params:	<none>
Form params:	added=2020-04-22 03:38:00
				email=qan@gmail.com
				pass=crudkh
				phone=null
				permit_ads=true
				business_types=[1]
				lang=en
				timezone=Europe/Berlin
				country=DE
				city=Berlin
Path params:	<none>
Headers:		user-agent=alpalch-qpEzhaOvY0Ecb4e0
				X-Requested-With=XMLHttpRequest
				Accept=*/*
				Content-Type=application/x-www-form-urlencoded
Cookies:		<none>
Multiparts:		<none>
Body:			<none>
Account creation response: /en/calendar
Create account code: 201
Request method:	POST
Request URI:	https://lista.atzma.im/signup-new-account
Proxy:			<none>
Request params:	<none>
Query params:	<none>
Form params:	added=2020-04-22 03:38:00
				email=qam@gmail.com
				pass=crudkh
				phone=null
				permit_ads=true
				business_types=[1]
				lang=en
				timezone=Europe/Tallinn
				country=EE
				city=Tallinn
Path params:	<none>
Headers:		user-agent=alpalch-qpEzhaOvY0Ecb4e0
				X-Requested-With=XMLHttpRequest
				Accept=*/*
				Content-Type=application/x-www-form-urlencoded
Cookies:		<none>
Multiparts:		<none>
Body:			<none>
Account creation response: /en/calendar
Create account code: 201
Request method:	POST
Request URI:	https://lista.atzma.im/signup-new-account
Proxy:			<none>
Request params:	<none>
Query params:	<none>
Form params:	added=2020-04-22 03:38:00
				email=qal@gmail.com
				pass=crudkh
				phone=null
				permit_ads=true
				business_types=[1]
				lang=en
				timezone=Europe/Oslo
				country=NO
				city=Oslo
Path params:	<none>
Headers:		user-agent=alpalch-qpEzhaOvY0Ecb4e0
				X-Requested-With=XMLHttpRequest
				Accept=*/*
				Content-Type=application/x-www-form-urlencoded
Cookies:		<none>
Multiparts:		<none>
Body:			<none>
Account creation response: /en/calendar
Create account code: 201
Request method:	POST
Request URI:	https://lista.atzma.im/signup-new-account
Proxy:			<none>
Request params:	<none>
Query params:	<none>
Form params:	added=2020-04-22 03:38:00
				email=qka@gmail.com
				pass=crudkh
				phone=null
				permit_ads=true
				business_types=[1]
				lang=en
				timezone=Europe/Paris
				country=FR
				city=Paris
Path params:	<none>
Headers:		user-agent=alpalch-qpEzhaOvY0Ecb4e0
				X-Requested-With=XMLHttpRequest
				Accept=*/*
				Content-Type=application/x-www-form-urlencoded
Cookies:		<none>
Multiparts:		<none>
Body:			<none>
Account creation response: /en/calendar
Create account code: 201
Request method:	POST
Request URI:	https://lista.atzma.im/signup-new-account
Proxy:			<none>
Request params:	<none>
Query params:	<none>
Form params:	added=2020-04-22 03:38:00
				email=qaj@gmail.com
				pass=crudkh
				phone=null
				permit_ads=true
				business_types=[1]
				lang=en
				timezone=Europe/Copenhagen
				country=DK
				city=Copenhagen
Path params:	<none>
Headers:		user-agent=alpalch-qpEzhaOvY0Ecb4e0
				X-Requested-With=XMLHttpRequest
				Accept=*/*
				Content-Type=application/x-www-form-urlencoded
Cookies:		<none>
Multiparts:		<none>
Body:			<none>
Account creation response: /en/calendar
Create account code: 201
Request method:	POST
Request URI:	https://lista.atzma.im/signup-new-account
Proxy:			<none>
Request params:	<none>
Query params:	<none>
Form params:	added=2020-04-22 03:38:00
				email=qha@gmail.com
				pass=crudkh
				phone=null
				permit_ads=true
				business_types=[1]
				lang=en
				timezone=Europe/Budapest
				country=HU
				city=Budapest
Path params:	<none>
Headers:		user-agent=alpalch-qpEzhaOvY0Ecb4e0
				X-Requested-With=XMLHttpRequest
				Accept=*/*
				Content-Type=application/x-www-form-urlencoded
Cookies:		<none>
Multiparts:		<none>
Body:			<none>
Account creation response: /en/calendar
Create account code: 201
Request method:	POST
Request URI:	https://lista.atzma.im/signup-new-account
Proxy:			<none>
Request params:	<none>
Query params:	<none>
Form params:	added=2020-04-22 03:38:00
				email=qag@gmail.com
				pass=crudkh
				phone=null
				permit_ads=true
				business_types=[1]
				lang=en
				timezone=Europe/Rome
				country=IT
				city=Rome
Path params:	<none>
Headers:		user-agent=alpalch-qpEzhaOvY0Ecb4e0
				X-Requested-With=XMLHttpRequest
				Accept=*/*
				Content-Type=application/x-www-form-urlencoded
Cookies:		<none>
Multiparts:		<none>
Body:			<none>
Account creation response: /en/calendar
Create account code: 201
Request method:	POST
Request URI:	https://lista.atzma.im/signup-new-account
Proxy:			<none>
Request params:	<none>
Query params:	<none>
Form params:	added=2020-04-22 03:38:00
				email=qaf@gmail.com
				pass=crudkh
				phone=null
				permit_ads=true
				business_types=[1]
				lang=en
				timezone=Asia/Tokyo
				country=JP
				city=Tokyo
Path params:	<none>
Headers:		user-agent=alpalch-qpEzhaOvY0Ecb4e0
				X-Requested-With=XMLHttpRequest
				Accept=*/*
				Content-Type=application/x-www-form-urlencoded
Cookies:		<none>
Multiparts:		<none>
Body:			<none>
Account creation response: /en/calendar
Create account code: 201
Request method:	POST
Request URI:	https://lista.atzma.im/signup-new-account
Proxy:			<none>
Request params:	<none>
Query params:	<none>
Form params:	added=2020-04-22 03:38:00
				email=qda@gmail.com
				pass=crudkh
				phone=null
				permit_ads=true
				business_types=[1]
				lang=en
				timezone=America/Mexico_City
				country=MX
				city=Mexico_City
Path params:	<none>
Headers:		user-agent=alpalch-qpEzhaOvY0Ecb4e0
				X-Requested-With=XMLHttpRequest
				Accept=*/*
				Content-Type=application/x-www-form-urlencoded
Cookies:		<none>
Multiparts:		<none>
Body:			<none>
Account creation response: /en/calendar
Create account code: 201
Cookies map size: 15
Delete account 1 code: 401
Delete account 2 code: 401
Delete account 3 code: 401
Delete account 4 code: 401
Delete account 5 code: 401
Delete account 6 code: 401
Delete account 7 code: 401
Delete account 8 code: 401
Delete account 9 code: 401
Delete account 10 code: 401
Delete account 11 code: 401
Delete account 12 code: 401
Delete account 13 code: 401
Delete account 14 code: 401
Delete account 15 code: 401
]]></system-out>
  <system-err><![CDATA[]]></system-err>
</testsuite>
